<?xml version="1.0" encoding="UTF-8"?>
<testng-results skipped="0" failed="0" total="1" passed="1">
  <reporter-output>
  </reporter-output>
  <suite name="MavenAutomation.MavenTest" duration-ms="24" started-at="2019-03-14T13:49:54Z" finished-at="2019-03-14T13:49:54Z">
    <groups>
    </groups>
    <test name="Command line test" duration-ms="24" started-at="2019-03-14T13:49:54Z" finished-at="2019-03-14T13:49:54Z">
      <class name="MavenAutomation.MavenTest">
        <test-method status="PASS" signature="sum()[pri:0, instance:MavenAutomation.MavenTest@2ed94a8b]" name="sum" duration-ms="9" started-at="2019-03-14T09:49:54Z" finished-at="2019-03-14T09:49:54Z">
          <reporter-output>
          </reporter-output>
        </test-method> <!-- sum -->
      </class> <!-- MavenAutomation.MavenTest -->
    </test> <!-- Command line test -->
  </suite> <!-- MavenAutomation.MavenTest -->
</testng-results>
