<?xml version="1.0" encoding="UTF-8"?>
<testng-results skipped="0" failed="0" total="1" passed="1">
  <reporter-output>
  </reporter-output>
  <suite name="Default suite" duration-ms="24" started-at="2019-03-14T09:11:33Z" finished-at="2019-03-14T09:11:33Z">
    <groups>
    </groups>
    <test name="Default test" duration-ms="24" started-at="2019-03-14T09:11:33Z" finished-at="2019-03-14T09:11:33Z">
      <class name="MavenAutomation.MavenTest">
        <test-method status="PASS" signature="sum()[pri:0, instance:MavenAutomation.MavenTest@26be92ad]" name="sum" duration-ms="12" started-at="2019-03-14T05:11:33Z" finished-at="2019-03-14T05:11:33Z">
          <reporter-output>
          </reporter-output>
        </test-method> <!-- sum -->
      </class> <!-- MavenAutomation.MavenTest -->
    </test> <!-- Default test -->
  </suite> <!-- Default suite -->
</testng-results>
